<?xml version="1.0" encoding="UTF-8"?>
<testng-results skipped="0" failed="0" ignored="0" total="0" passed="0">
  <reporter-output>
  </reporter-output>
  <suite name="Suite" duration-ms="7" started-at="2017-12-11T08:06:40Z" finished-at="2017-12-11T08:06:40Z">
    <groups>
    </groups>
    <test name="TestGC" duration-ms="7" started-at="2017-12-11T08:06:40Z" finished-at="2017-12-11T08:06:40Z">
    </test> <!-- TestGC -->
    <test name="TestFB" duration-ms="7" started-at="2017-12-11T08:06:40Z" finished-at="2017-12-11T08:06:40Z">
    </test> <!-- TestFB -->
  </suite> <!-- Suite -->
</testng-results>
