<?xml version="1.0" encoding="UTF-8"?>
<testng-results skipped="0" failed="0" ignored="0" total="1" passed="1">
  <reporter-output>
    <line>
      <![CDATA[Error Msg is Display]]>
    </line>
    <line>
      <![CDATA[Error Msg is Display]]>
    </line>
    <line>
      <![CDATA[Error Msg is Display]]>
    </line>
  </reporter-output>
  <suite name="Default suite" duration-ms="41728" started-at="2017-12-15T06:46:00Z" finished-at="2017-12-15T06:46:42Z">
    <groups>
      <group name="login">
        <method signature="InvalidLoginForMultipleinputs.testInvalidLogin()[pri:2, instance:script.InvalidLoginForMultipleinputs@1b604f19]" name="testInvalidLogin" class="script.InvalidLoginForMultipleinputs"/>
      </group> <!-- login -->
    </groups>
    <test name="Default test" duration-ms="41728" started-at="2017-12-15T06:46:00Z" finished-at="2017-12-15T06:46:42Z">
      <class name="script.InvalidLoginForMultipleinputs">
        <test-method status="PASS" signature="openApplication(java.lang.String)[pri:0, instance:script.InvalidLoginForMultipleinputs@1b604f19]" name="openApplication" is-config="true" duration-ms="33117" started-at="2017-12-15T12:16:01Z" finished-at="2017-12-15T12:16:34Z">
          <params>
            <param index="0">
              <value>
                <![CDATA[chrome]]>
              </value>
            </param>
          </params>
          <reporter-output>
          </reporter-output>
        </test-method> <!-- openApplication -->
        <test-method status="PASS" signature="testInvalidLogin()[pri:2, instance:script.InvalidLoginForMultipleinputs@1b604f19]" name="testInvalidLogin" duration-ms="7773" started-at="2017-12-15T12:16:34Z" finished-at="2017-12-15T12:16:41Z">
          <reporter-output>
            <line>
              <![CDATA[Error Msg is Display]]>
            </line>
            <line>
              <![CDATA[Error Msg is Display]]>
            </line>
            <line>
              <![CDATA[Error Msg is Display]]>
            </line>
          </reporter-output>
        </test-method> <!-- testInvalidLogin -->
        <test-method status="PASS" signature="CloseApplication(org.testng.ITestResult)[pri:0, instance:script.InvalidLoginForMultipleinputs@1b604f19]" name="CloseApplication" is-config="true" duration-ms="811" started-at="2017-12-15T12:16:41Z" finished-at="2017-12-15T12:16:42Z">
          <params>
            <param index="0">
              <value>
                <![CDATA[[TestResult name=testInvalidLogin status=SUCCESS method=InvalidLoginForMultipleinputs.testInvalidLogin()[pri:2, instance:script.InvalidLoginForMultipleinputs@1b604f19] output=Error Msg is Display]]]>
              </value>
            </param>
          </params>
          <reporter-output>
          </reporter-output>
        </test-method> <!-- CloseApplication -->
      </class> <!-- script.InvalidLoginForMultipleinputs -->
    </test> <!-- Default test -->
  </suite> <!-- Default suite -->
</testng-results>
